2019-03-11 22:38:42,922 - root - INFO - logger : 20 - Valid parameters
2019-03-11 22:39:37,348 - root - INFO - logger : 20 - Valid parameters
2019-03-11 22:39:37,676 - root - INFO - logger : 20 - File created / updated : srv test\ai.txt file ai.txt
2019-03-11 22:41:56,080 - root - INFO - logger : 20 - Valid parameters
2019-03-11 22:41:56,205 - root - INFO - logger : 20 - File created / updated : srv test\ai.txt file ai.txt
2019-03-11 22:44:16,758 - root - INFO - logger : 20 - File created / updated : srv test\ai.txt file ai.txt
2019-03-11 22:47:33,035 - root - INFO - logger : 20 - Valid parameters
2019-03-11 22:47:33,269 - root - INFO - logger : 20 - File created / updated : srv test\ai.txt file ai.txt
2019-03-11 22:48:21,500 - root - INFO - logger : 20 - File created / updated : srv test\ai.txt file ai.txt
2019-03-11 23:01:56,153 - root - INFO - logger : 20 - Valid parameters
2019-03-11 23:01:56,325 - root - INFO - logger : 20 - File created / updated : srv test\ai.txt file ai.txt
2019-03-11 23:02:16,514 - root - INFO - logger : 20 - File created / updated : srv test\ai.txt file ai.txt
2019-03-11 23:19:42,409 - root - INFO - logger : 20 - Valid parameters
2019-03-11 23:19:42,628 - root - INFO - logger : 20 - File created / updated : srv test\ai.txt file ai.txt
2019-03-11 23:20:57,529 - root - INFO - logger : 20 - Valid parameters
2019-03-11 23:20:57,670 - root - INFO - logger : 20 - File created / updated : srv test\ai.txt file ai.txt
2019-03-11 23:29:07,479 - root - INFO - logger : 20 - Valid parameters
2019-03-11 23:29:07,792 - root - INFO - logger : 20 - File created / updated : srv test\ai.txt file ai.txt
2019-03-11 23:29:30,358 - root - INFO - logger : 20 - File created / updated : srv test\ai.txt file ai.txt
2019-03-12 00:03:28,678 - root - INFO - logger : 20 - Valid parameters
2019-03-12 00:03:29,004 - root - INFO - logger : 20 - Folder created : test\help
2019-03-12 00:03:29,032 - root - INFO - logger : 20 - File created / updated : srv test\ai.txt file ai.txt
2019-03-12 00:03:29,044 - root - INFO - logger : 20 - Folder created : test\help\index1
2019-03-12 00:03:29,054 - root - INFO - logger : 20 - Folder created : test\help\index2
2019-03-12 00:03:29,074 - root - INFO - logger : 20 - Folder created : test\help\index3
2019-03-12 00:03:29,094 - root - INFO - logger : 20 - Folder created : test\help\index4
2019-03-12 00:03:29,135 - root - INFO - logger : 20 - Folder created : test\help\js
2019-03-12 00:03:29,256 - root - INFO - logger : 20 - Folder created : test\help\txt
2019-03-12 00:03:29,276 - root - INFO - logger : 20 - Folder created : test\help\index1\images
2019-03-12 00:03:29,336 - root - INFO - logger : 20 - Folder created : test\help\index1\js
2019-03-12 00:03:29,377 - root - INFO - logger : 20 - Folder created : test\help\index2\images
2019-03-12 00:03:29,417 - root - INFO - logger : 20 - Folder created : test\help\index2\js
2019-03-12 00:03:29,427 - root - INFO - logger : 20 - Folder created : test\help\index3\images
2019-03-12 00:03:29,447 - root - INFO - logger : 20 - Folder created : test\help\index3\js
2019-03-12 00:03:29,467 - root - INFO - logger : 20 - Folder created : test\help\index4\images
2019-03-12 00:03:29,477 - root - INFO - logger : 20 - Folder created : test\help\index4\js
2019-03-12 00:04:00,639 - root - INFO - logger : 20 - File removed : %stest\ai.txt
2019-03-12 00:04:09,598 - root - INFO - logger : 20 - File created / updated : srv test\ai.txt file ai.txt
2019-03-12 00:44:48,354 - root - INFO - logger : 20 - Valid parameters
2019-03-12 00:44:48,448 - root - INFO - logger : 20 - File created / updated : srv test\ai.txt file ai.txt
2019-03-12 01:06:35,262 - root - INFO - logger : 20 - Valid parameters
2019-03-12 01:07:06,010 - root - INFO - logger : 20 - Valid parameters
2019-03-12 01:11:27,121 - root - INFO - logger : 20 - Valid parameters
2019-03-12 01:12:14,930 - root - INFO - logger : 20 - Valid parameters
2019-03-12 01:12:15,227 - root - INFO - logger : 20 - Folder created : test\help
2019-03-12 01:12:15,242 - root - INFO - logger : 20 - Folder created : test\help\index1
2019-03-12 01:12:15,258 - root - INFO - logger : 20 - Folder created : test\help\index2
2019-03-12 01:12:15,274 - root - INFO - logger : 20 - Folder created : test\help\index3
2019-03-12 01:12:15,274 - root - INFO - logger : 20 - Folder created : test\help\index4
2019-03-12 01:12:15,289 - root - INFO - logger : 20 - Folder created : test\help\js
2019-03-12 01:12:15,305 - root - INFO - logger : 20 - Folder created : test\help\txt
2019-03-12 01:12:15,320 - root - INFO - logger : 20 - Folder created : test\help\index1\images
2019-03-12 01:12:15,367 - root - INFO - logger : 20 - Folder created : test\help\index1\js
2019-03-12 01:12:15,383 - root - INFO - logger : 20 - Folder created : test\help\index2\images
2019-03-12 01:12:15,399 - root - INFO - logger : 20 - Folder created : test\help\index2\js
2019-03-12 01:12:15,414 - root - INFO - logger : 20 - Folder created : test\help\index3\images
2019-03-12 01:12:15,430 - root - INFO - logger : 20 - Folder created : test\help\index3\js
2019-03-12 01:12:15,461 - root - INFO - logger : 20 - Folder created : test\help\index4\images
2019-03-12 01:12:15,477 - root - INFO - logger : 20 - Folder created : test\help\index4\js
2019-03-12 01:12:53,385 - root - INFO - logger : 20 - Valid parameters
2019-03-12 01:12:53,760 - root - INFO - logger : 20 - File created / updated : srv test\ai.txt file ai.txt
2019-03-12 01:34:12,295 - root - INFO - logger : 20 - Valid parameters
2019-03-12 01:34:12,670 - root - INFO - logger : 20 - Folder created : test\help
2019-03-12 01:34:12,701 - root - INFO - logger : 20 - Folder created : test\help\index1
2019-03-12 01:34:12,701 - root - INFO - logger : 20 - Folder created : test\help\index2
2019-03-12 01:34:12,748 - root - INFO - logger : 20 - Folder created : test\help\index3
2019-03-12 01:34:12,764 - root - INFO - logger : 20 - Folder created : test\help\index4
2019-03-12 01:34:12,764 - root - INFO - logger : 20 - Folder created : test\help\js
2019-03-12 01:34:12,779 - root - INFO - logger : 20 - Folder created : test\help\txt
2019-03-12 01:34:12,795 - root - INFO - logger : 20 - Folder created : test\help\index1\images
2019-03-12 01:34:12,811 - root - INFO - logger : 20 - Folder created : test\help\index1\js
2019-03-12 01:34:12,826 - root - INFO - logger : 20 - Folder created : test\help\index2\images
2019-03-12 01:34:12,842 - root - INFO - logger : 20 - Folder created : test\help\index2\js
2019-03-12 01:34:12,858 - root - INFO - logger : 20 - Folder created : test\help\index3\images
2019-03-12 01:34:12,873 - root - INFO - logger : 20 - Folder created : test\help\index3\js
2019-03-12 01:34:12,904 - root - INFO - logger : 20 - Folder created : test\help\index4\images
2019-03-12 01:34:12,920 - root - INFO - logger : 20 - Folder created : test\help\index4\js
2019-03-12 01:34:43,614 - root - ERROR - logger : 30 - Invalid input for the number of thread : must be an integer
2019-03-12 01:49:38,974 - root - INFO - logger : 20 - Valid parameters
2019-03-12 01:50:11,766 - root - INFO - logger : 20 - Valid parameters
2019-03-12 01:50:11,844 - root - INFO - logger : 20 - File created / updated : srv test\ai.txt file ai.txt
2019-03-12 02:04:52,932 - root - INFO - logger : 20 - Valid parameters
2019-03-12 02:04:53,041 - root - INFO - logger : 20 - File created / updated : srv test\ai.txt file ai.txt
2019-03-12 02:05:35,663 - root - INFO - logger : 20 - File removed : %stest\ai.txt
2019-03-12 02:06:01,406 - root - INFO - logger : 20 - File created / updated : srv test\ai.txt file ai.txt
2019-03-12 02:06:18,076 - root - INFO - logger : 20 - Folder removed : test\\help\index1\images
2019-03-12 02:06:18,092 - root - INFO - logger : 20 - Folder removed : test\\help\index1\js
2019-03-12 02:06:18,092 - root - INFO - logger : 20 - Folder removed : test\\help\index2\images
2019-03-12 02:06:18,107 - root - INFO - logger : 20 - Folder removed : test\\help\index2\js
2019-03-12 02:06:18,123 - root - INFO - logger : 20 - Folder removed : test\\help\index3\images
2019-03-12 02:06:18,139 - root - INFO - logger : 20 - Folder removed : test\\help\index3\js
2019-03-12 02:06:18,139 - root - INFO - logger : 20 - Folder removed : test\\help\index4\images
2019-03-12 02:06:18,154 - root - INFO - logger : 20 - Folder removed : test\\help\index4\js
2019-03-12 02:06:18,170 - root - INFO - logger : 20 - Folder removed : test\\help\index1
2019-03-12 02:06:18,170 - root - INFO - logger : 20 - Folder removed : test\\help\index2
2019-03-12 02:06:18,186 - root - INFO - logger : 20 - Folder removed : test\\help\index3
2019-03-12 02:06:18,201 - root - INFO - logger : 20 - Folder removed : test\\help\index4
2019-03-12 02:06:18,217 - root - INFO - logger : 20 - Folder removed : test\\help\js
2019-03-12 02:06:18,217 - root - INFO - logger : 20 - Folder removed : test\\help\txt
2019-03-12 02:06:18,232 - root - INFO - logger : 20 - Folder removed : test\help
2019-03-12 02:07:46,951 - root - INFO - logger : 20 - Valid parameters
2019-03-12 02:07:47,029 - root - INFO - logger : 20 - Folder created : test\help
2019-03-12 02:07:47,044 - root - INFO - logger : 20 - Folder created : test\help\index1
2019-03-12 02:07:47,060 - root - INFO - logger : 20 - Folder created : test\help\index2
2019-03-12 02:07:47,076 - root - INFO - logger : 20 - Folder created : test\help\index3
2019-03-12 02:07:47,091 - root - INFO - logger : 20 - Folder created : test\help\index4
2019-03-12 02:07:47,107 - root - INFO - logger : 20 - Folder created : test\help\js
2019-03-12 02:07:47,122 - root - INFO - logger : 20 - Folder created : test\help\txt
2019-03-12 02:07:47,122 - root - INFO - logger : 20 - Folder created : test\help\index1\images
2019-03-12 02:07:47,138 - root - INFO - logger : 20 - Folder created : test\help\index1\js
2019-03-12 02:07:47,154 - root - INFO - logger : 20 - Folder created : test\help\index2\images
2019-03-12 02:07:47,169 - root - INFO - logger : 20 - Folder created : test\help\index2\js
2019-03-12 02:07:47,185 - root - INFO - logger : 20 - Folder created : test\help\index3\images
2019-03-12 02:07:47,201 - root - INFO - logger : 20 - Folder created : test\help\index3\js
2019-03-12 02:07:47,216 - root - INFO - logger : 20 - Folder created : test\help\index4\images
2019-03-12 02:07:47,232 - root - INFO - logger : 20 - Folder created : test\help\index4\js
2019-03-12 02:08:14,166 - root - INFO - logger : 20 - Valid parameters
2019-03-12 02:08:25,040 - root - INFO - logger : 20 - Valid parameters
2019-03-12 02:08:25,384 - root - INFO - logger : 20 - Folder created : test\help
2019-03-12 02:08:25,399 - root - INFO - logger : 20 - Folder created : test\help\index1
2019-03-12 02:08:25,430 - root - INFO - logger : 20 - Folder created : test\help\index2
2019-03-12 02:08:25,477 - root - INFO - logger : 20 - Folder created : test\help\index3
2019-03-12 02:08:25,493 - root - INFO - logger : 20 - Folder created : test\help\index4
2019-03-12 02:08:25,509 - root - INFO - logger : 20 - Folder created : test\help\js
2019-03-12 02:08:25,618 - root - INFO - logger : 20 - Folder created : test\help\txt
2019-03-12 02:08:25,649 - root - INFO - logger : 20 - Folder created : test\help\index1\images
2019-03-12 02:08:25,649 - root - INFO - logger : 20 - Folder created : test\help\index1\js
2019-03-12 02:08:25,665 - root - INFO - logger : 20 - Folder created : test\help\index2\images
2019-03-12 02:08:25,680 - root - INFO - logger : 20 - Folder created : test\help\index2\js
2019-03-12 02:08:25,696 - root - INFO - logger : 20 - Folder created : test\help\index3\images
2019-03-12 02:08:25,712 - root - INFO - logger : 20 - Folder created : test\help\index3\js
2019-03-12 02:08:25,727 - root - INFO - logger : 20 - Folder created : test\help\index4\images
2019-03-12 02:08:25,727 - root - INFO - logger : 20 - Folder created : test\help\index4\js
